2023-04-24T20:37:35.686+02:00  INFO [users-ws, , ] 175643 --- [main] c.c.c.ConfigServicePropertySourceLocator : Fetching config from server at : http://localhost:8012
2023-04-24T20:37:35.713+02:00  INFO [users-ws, , ] 175643 --- [main] c.c.c.ConfigServicePropertySourceLocator : Connect Timeout Exception on Url - http://localhost:8012. Will try the next url if available
2023-04-24T20:37:35.714+02:00  WARN [users-ws, , ] 175643 --- [main] c.c.c.ConfigServicePropertySourceLocator : Could not locate PropertySource: I/O error on GET request for "http://localhost:8012/users-ws/default": Connection refused
2023-04-24T20:37:35.729+02:00  INFO [users-ws, , ] 175643 --- [main] c.b.P.PhotoAppApiUserApplicationTests    : No active profile set, falling back to 1 default profile: "default"
2023-04-24T20:37:35.739+02:00  INFO [users-ws, , ] 175643 --- [main] o.s.c.c.c.ConfigServerConfigDataLoader   : Fetching config from server at : http://localhost:8012
2023-04-24T20:37:35.739+02:00  INFO [users-ws, , ] 175643 --- [main] o.s.c.c.c.ConfigServerConfigDataLoader   : Connect Timeout Exception on Url - http://localhost:8012. Will try the next url if available
2023-04-24T20:37:35.739+02:00  WARN [users-ws, , ] 175643 --- [main] o.s.c.c.c.ConfigServerConfigDataLoader   : Could not locate PropertySource ([ConfigServerConfigDataResource@3b2f4a93 uris = array<String>['http://localhost:8012'], optional = true, profiles = list['default']]): I/O error on GET request for "http://localhost:8012/users-ws/default": Connection refused
2023-04-24T20:37:35.740+02:00  INFO [users-ws, , ] 175643 --- [main] o.s.c.c.c.ConfigServerConfigDataLoader   : Fetching config from server at : http://localhost:8012
2023-04-24T20:37:35.740+02:00  INFO [users-ws, , ] 175643 --- [main] o.s.c.c.c.ConfigServerConfigDataLoader   : Connect Timeout Exception on Url - http://localhost:8012. Will try the next url if available
2023-04-24T20:37:35.741+02:00  WARN [users-ws, , ] 175643 --- [main] o.s.c.c.c.ConfigServerConfigDataLoader   : Could not locate PropertySource ([ConfigServerConfigDataResource@58516c91 uris = array<String>['http://localhost:8012'], optional = true, profiles = list['default']]): I/O error on GET request for "http://localhost:8012/users-ws/default": Connection refused
2023-04-24T20:37:37.488+02:00  INFO [users-ws, , ] 175643 --- [main] .s.d.r.c.RepositoryConfigurationDelegate : Bootstrapping Spring Data JPA repositories in DEFAULT mode.
2023-04-24T20:37:37.625+02:00  INFO [users-ws, , ] 175643 --- [main] .s.d.r.c.RepositoryConfigurationDelegate : Finished Spring Data repository scanning in 127 ms. Found 1 JPA repository interfaces.
2023-04-24T20:37:38.014+02:00  INFO [users-ws, , ] 175643 --- [main] faultConfiguringBeanFactoryPostProcessor : No bean named 'errorChannel' has been explicitly defined. Therefore, a default PublishSubscribeChannel will be created.
2023-04-24T20:37:38.032+02:00  INFO [users-ws, , ] 175643 --- [main] faultConfiguringBeanFactoryPostProcessor : No bean named 'integrationHeaderChannelRegistry' has been explicitly defined. Therefore, a default DefaultHeaderChannelRegistry will be created.
2023-04-24T20:37:38.392+02:00  INFO [users-ws, , ] 175643 --- [main] o.s.cloud.context.scope.GenericScope     : BeanFactory id=0c09aaae-6972-31ed-b2a4-bc7198f3bbb0
2023-04-24T20:37:38.524+02:00  INFO [users-ws, , ] 175643 --- [main] trationDelegate$BeanPostProcessorChecker : Bean 'com.bartek.PhotoAppApiUser.data.AlbumsServiceClient' of type [org.springframework.cloud.openfeign.FeignClientFactoryBean] is not eligible for getting processed by all BeanPostProcessors (for example: not eligible for auto-proxying)
2023-04-24T20:37:38.903+02:00  INFO [users-ws, , ] 175643 --- [main] trationDelegate$BeanPostProcessorChecker : Bean 'org.springframework.cloud.client.loadbalancer.reactive.LoadBalancerBeanPostProcessorAutoConfiguration' of type [org.springframework.cloud.client.loadbalancer.reactive.LoadBalancerBeanPostProcessorAutoConfiguration] is not eligible for getting processed by all BeanPostProcessors (for example: not eligible for auto-proxying)
2023-04-24T20:37:38.911+02:00  INFO [users-ws, , ] 175643 --- [main] trationDelegate$BeanPostProcessorChecker : Bean 'org.springframework.cloud.client.loadbalancer.reactive.LoadBalancerBeanPostProcessorAutoConfiguration$ReactorDeferringLoadBalancerFilterConfig' of type [org.springframework.cloud.client.loadbalancer.reactive.LoadBalancerBeanPostProcessorAutoConfiguration$ReactorDeferringLoadBalancerFilterConfig] is not eligible for getting processed by all BeanPostProcessors (for example: not eligible for auto-proxying)
2023-04-24T20:37:38.915+02:00  INFO [users-ws, , ] 175643 --- [main] trationDelegate$BeanPostProcessorChecker : Bean 'reactorDeferringLoadBalancerExchangeFilterFunction' of type [org.springframework.cloud.client.loadbalancer.reactive.DeferringLoadBalancerExchangeFilterFunction] is not eligible for getting processed by all BeanPostProcessors (for example: not eligible for auto-proxying)
2023-04-24T20:37:39.281+02:00  INFO [users-ws, , ] 175643 --- [main] com.zaxxer.hikari.HikariDataSource       : HikariPool-1 - Starting...
2023-04-24T20:37:39.495+02:00  INFO [users-ws, , ] 175643 --- [main] com.zaxxer.hikari.pool.HikariPool        : HikariPool-1 - Added connection conn0: url=jdbc:h2:mem:testdb user=SA
2023-04-24T20:37:39.497+02:00  INFO [users-ws, , ] 175643 --- [main] com.zaxxer.hikari.HikariDataSource       : HikariPool-1 - Start completed.
2023-04-24T20:37:39.549+02:00  INFO [users-ws, , ] 175643 --- [main] o.hibernate.jpa.internal.util.LogHelper  : HHH000204: Processing PersistenceUnitInfo [name: default]
2023-04-24T20:37:39.617+02:00  INFO [users-ws, , ] 175643 --- [main] org.hibernate.Version                    : HHH000412: Hibernate ORM core version 6.1.6.Final
2023-04-24T20:37:39.809+02:00  WARN [users-ws, , ] 175643 --- [main] org.hibernate.orm.deprecation            : HHH90000021: Encountered deprecated setting [javax.persistence.sharedCache.mode], use [jakarta.persistence.sharedCache.mode] instead
2023-04-24T20:37:39.947+02:00  INFO [users-ws, , ] 175643 --- [main] SQL dialect                              : HHH000400: Using dialect: org.hibernate.dialect.H2Dialect
2023-04-24T20:37:40.796+02:00  INFO [users-ws, , ] 175643 --- [main] o.h.e.t.j.p.i.JtaPlatformInitiator       : HHH000490: Using JtaPlatform implementation: [org.hibernate.engine.transaction.jta.platform.internal.NoJtaPlatform]
2023-04-24T20:37:40.809+02:00  INFO [users-ws, , ] 175643 --- [main] j.LocalContainerEntityManagerFactoryBean : Initialized JPA EntityManagerFactory for persistence unit 'default'
2023-04-24T20:37:41.676+02:00  WARN [users-ws, , ] 175643 --- [main] JpaBaseConfiguration$JpaWebConfiguration : spring.jpa.open-in-view is enabled by default. Therefore, database queries may be performed during view rendering. Explicitly configure spring.jpa.open-in-view to disable this warning
2023-04-24T20:37:42.358+02:00  INFO [users-ws, , ] 175643 --- [main] o.s.c.openfeign.FeignClientFactoryBean   : For 'albums-ws' URL not provided. Will try picking an instance via load-balancing.
2023-04-24T20:37:44.738+02:00  INFO [users-ws, , ] 175643 --- [main] o.s.b.a.e.web.EndpointLinksResolver      : Exposing 33 endpoint(s) beneath base path '/actuator'
2023-04-24T20:37:44.861+02:00  INFO [users-ws, , ] 175643 --- [main] o.s.s.web.DefaultSecurityFilterChain     : Will secure any request with [org.springframework.security.web.session.DisableEncodeUrlFilter@35da9f7f, org.springframework.security.web.context.request.async.WebAsyncManagerIntegrationFilter@29cd3f9f, org.springframework.security.web.context.SecurityContextHolderFilter@6314b195, org.springframework.security.web.header.HeaderWriterFilter@313b6907, org.springframework.security.web.authentication.logout.LogoutFilter@30e2c9dc, com.bartek.PhotoAppApiUser.security.AuthenticationFilter@7a54fc29, com.bartek.PhotoAppApiUser.security.AuthorizationFilter@1fc4292a, org.springframework.security.web.savedrequest.RequestCacheAwareFilter@1177049c, org.springframework.security.web.servletapi.SecurityContextHolderAwareRequestFilter@318856a5, org.springframework.security.web.authentication.AnonymousAuthenticationFilter@7e846cca, org.springframework.security.web.session.SessionManagementFilter@152705d0, org.springframework.security.web.access.ExceptionTranslationFilter@2bcfdefe, org.springframework.security.web.access.intercept.AuthorizationFilter@67091f3b]
2023-04-24T20:37:45.699+02:00  INFO [users-ws, , ] 175643 --- [main] o.s.c.s.m.DirectWithAttributesChannel    : Channel 'application-1.springCloudBusInput' has 1 subscriber(s).
2023-04-24T20:37:46.062+02:00  INFO [users-ws, , ] 175643 --- [main] o.s.b.a.h2.H2ConsoleAutoConfiguration    : H2 console available at '/h2-console'. Database available at 'jdbc:h2:mem:testdb'
2023-04-24T20:37:46.186+02:00  INFO [users-ws, , ] 175643 --- [main] DiscoveryClientOptionalArgsConfiguration : Eureka HTTP Client uses RestTemplate.
2023-04-24T20:37:46.372+02:00  WARN [users-ws, , ] 175643 --- [main] iguration$LoadBalancerCaffeineWarnLogger : Spring Cloud LoadBalancer is currently working with the default cache. While this cache implementation is useful for development and tests, it's recommended to use Caffeine cache in production.You can switch to using Caffeine cache, by adding it and org.springframework.cache.caffeine.CaffeineCacheManager to the classpath.
2023-04-24T20:37:46.628+02:00  INFO [users-ws, , ] 175643 --- [main] o.s.i.endpoint.EventDrivenConsumer       : Adding {logging-channel-adapter:_org.springframework.integration.errorLogger} as a subscriber to the 'errorChannel' channel
2023-04-24T20:37:46.628+02:00  INFO [users-ws, , ] 175643 --- [main] o.s.i.channel.PublishSubscribeChannel    : Channel 'application-1.errorChannel' has 1 subscriber(s).
2023-04-24T20:37:46.629+02:00  INFO [users-ws, , ] 175643 --- [main] o.s.i.endpoint.EventDrivenConsumer       : started bean '_org.springframework.integration.errorLogger'
2023-04-24T20:37:46.643+02:00  INFO [users-ws, , ] 175643 --- [main] o.s.c.s.binder.DefaultBinderFactory      : Creating binder: rabbit
2023-04-24T20:37:46.644+02:00  INFO [users-ws, , ] 175643 --- [main] o.s.c.s.binder.DefaultBinderFactory      : Constructing binder child context for rabbit
2023-04-24T20:37:46.744+02:00  INFO [users-ws, , ] 175643 --- [main] o.s.c.s.binder.DefaultBinderFactory      : Caching the binder: rabbit
2023-04-24T20:37:46.822+02:00  INFO [users-ws, , ] 175643 --- [main] c.s.b.r.p.RabbitExchangeQueueProvisioner : declaring queue for inbound: springCloudBus.anonymous.YjOSPqQwTeOgs8AE8Vsoxw, bound to: springCloudBus
2023-04-24T20:37:46.829+02:00  INFO [users-ws, , ] 175643 --- [main] o.s.a.r.c.CachingConnectionFactory       : Attempting to connect to: [localhost:5672]
2023-04-24T20:37:46.890+02:00  INFO [users-ws, , ] 175643 --- [main] o.s.a.r.c.CachingConnectionFactory       : Created new connection: rabbitConnectionFactory#14d3bee8:0/SimpleConnection@665e9a87 [delegate=amqp://guest@127.0.0.1:5672/, localPort=46862]
2023-04-24T20:37:46.966+02:00  INFO [users-ws, , ] 175643 --- [main] o.s.c.stream.binder.BinderErrorChannel   : Channel 'rabbit-1890970151.springCloudBusInput.errors' has 1 subscriber(s).
2023-04-24T20:37:46.986+02:00  INFO [users-ws, , ] 175643 --- [main] o.s.i.a.i.AmqpInboundChannelAdapter      : started bean 'inbound.springCloudBus.anonymous.YjOSPqQwTeOgs8AE8Vsoxw'
2023-04-24T20:37:47.054+02:00  INFO [users-ws, , ] 175643 --- [main] c.b.P.PhotoAppApiUserApplicationTests    : Started PhotoAppApiUserApplicationTests in 12.785 seconds (process running for 14.133)
2023-04-24T20:37:47.397+02:00  INFO [users-ws, , ] 175643 --- [SpringApplicationShutdownHook] o.s.c.n.eureka.InstanceInfoFactory       : Setting initial instance status as: STARTING
2023-04-24T20:37:47.404+02:00  INFO [users-ws, , ] 175643 --- [SpringApplicationShutdownHook] o.s.c.n.e.s.EurekaServiceRegistry        : Unregistering application USERS-WS with eureka with status DOWN
2023-04-24T20:37:47.418+02:00  INFO [users-ws, , ] 175643 --- [SpringApplicationShutdownHook] o.s.a.r.l.SimpleMessageListenerContainer : Waiting for workers to finish.
2023-04-24T20:37:47.994+02:00  INFO [users-ws, , ] 175643 --- [SpringApplicationShutdownHook] o.s.a.r.l.SimpleMessageListenerContainer : Successfully waited for workers to finish.
2023-04-24T20:37:47.995+02:00  INFO [users-ws, , ] 175643 --- [SpringApplicationShutdownHook] o.s.i.a.i.AmqpInboundChannelAdapter      : stopped bean 'inbound.springCloudBus.anonymous.YjOSPqQwTeOgs8AE8Vsoxw'
2023-04-24T20:37:48.005+02:00  INFO [users-ws, , ] 175643 --- [SpringApplicationShutdownHook] o.s.c.stream.binder.BinderErrorChannel   : Channel 'application-1.rabbit-1890970151.springCloudBusInput.errors' has 0 subscriber(s).
2023-04-24T20:37:48.009+02:00  INFO [users-ws, , ] 175643 --- [SpringApplicationShutdownHook] o.s.i.endpoint.EventDrivenConsumer       : Removing {logging-channel-adapter:_org.springframework.integration.errorLogger} as a subscriber to the 'errorChannel' channel
2023-04-24T20:37:48.009+02:00  INFO [users-ws, , ] 175643 --- [SpringApplicationShutdownHook] o.s.i.channel.PublishSubscribeChannel    : Channel 'application-1.errorChannel' has 0 subscriber(s).
2023-04-24T20:37:48.010+02:00  INFO [users-ws, , ] 175643 --- [SpringApplicationShutdownHook] o.s.i.endpoint.EventDrivenConsumer       : stopped bean '_org.springframework.integration.errorLogger'
2023-04-24T20:37:48.044+02:00  INFO [users-ws, , ] 175643 --- [SpringApplicationShutdownHook] j.LocalContainerEntityManagerFactoryBean : Closing JPA EntityManagerFactory for persistence unit 'default'
2023-04-24T20:37:48.045+02:00  INFO [users-ws, , ] 175643 --- [SpringApplicationShutdownHook] .SchemaDropperImpl$DelayedDropActionImpl : HHH000477: Starting delayed evictData of schema as part of SessionFactory shut-down'
2023-04-24T20:37:48.052+02:00  INFO [users-ws, , ] 175643 --- [SpringApplicationShutdownHook] com.zaxxer.hikari.HikariDataSource       : HikariPool-1 - Shutdown initiated...
2023-04-24T20:37:48.060+02:00  INFO [users-ws, , ] 175643 --- [SpringApplicationShutdownHook] com.zaxxer.hikari.HikariDataSource       : HikariPool-1 - Shutdown completed.
